#
# A fatal error has been detected by the Java Runtime Environment:
#
#  Internal Error (output.cpp:1593), pid=8944, tid=0x0000000000002710
#  guarantee((int)(blk_starts[i+1] - blk_starts[i]) >= (current_offset - blk_offset)) failed: shouldn't increase block size
#
# JRE version: Java(TM) SE Runtime Environment (8.0_131-b11) (build 1.8.0_131-b11)
# Java VM: Java HotSpot(TM) 64-Bit Server VM (25.131-b11 mixed mode windows-amd64 compressed oops)
# Failed to write core dump. Minidumps are not enabled by default on client versions of Windows
#
# If you would like to submit a bug report, please visit:
#   http://bugreport.java.com/bugreport/crash.jsp
#

---------------  T H R E A D  ---------------

Current thread (0x000000000d4f1800):  JavaThread "C2 CompilerThread0" daemon [_thread_in_native, id=10000, stack(0x000000000ebd0000,0x000000000ecd0000)]

Stack: [0x000000000ebd0000,0x000000000ecd0000]
[error occurred during error reporting (printing stack bounds), id 0xc0000005]

Native frames: (J=compiled Java code, j=interpreted, Vv=VM code, C=native code)


Current CompileTask:
C2:3851257 32383       4       scala.tools.nsc.symtab.classfile.Pickler$Pickle::writeBody$1 (708 bytes)


---------------  P R O C E S S  ---------------

Java Threads: ( => current thread )
  0x0000000010efe800 JavaThread "pool-12-thread-7" [_thread_blocked, id=12268, stack(0x000000001f740000,0x000000001f840000)]
  0x0000000010eff000 JavaThread "pool-12-thread-6" [_thread_blocked, id=10288, stack(0x000000001f240000,0x000000001f340000)]
  0x0000000010efd800 JavaThread "pool-12-thread-5" [_thread_blocked, id=11928, stack(0x000000001f140000,0x000000001f240000)]
  0x0000000010ef8800 JavaThread "pool-12-thread-4" [_thread_blocked, id=13808, stack(0x000000001f040000,0x000000001f140000)]
  0x0000000010efb800 JavaThread "pool-12-thread-3" [_thread_blocked, id=1996, stack(0x000000001d910000,0x000000001da10000)]
  0x0000000010efa800 JavaThread "pool-12-thread-2" [_thread_blocked, id=8840, stack(0x000000001c210000,0x000000001c310000)]
  0x0000000010efa000 JavaThread "pool-12-thread-1" [_thread_in_Java, id=11344, stack(0x000000001b5c0000,0x000000001b6c0000)]
  0x0000000010ef4800 JavaThread "ForkJoinPool-1-worker-2" daemon [_thread_blocked, id=11504, stack(0x000000001afc0000,0x000000001b0c0000)]
  0x0000000010ef4000 JavaThread "netty-event-loop-6" [_thread_in_native, id=4520, stack(0x000000001a0c0000,0x000000001a1c0000)]
  0x0000000010ef3000 JavaThread "netty-event-loop-5" [_thread_blocked, id=6368, stack(0x0000000017af0000,0x0000000017bf0000)]
  0x000000001293f800 JavaThread "Scala Presentation Compiler []" daemon [_thread_blocked, id=3600, stack(0x000000001bac0000,0x000000001bbc0000)]
  0x0000000010d4e800 JavaThread "netty-event-loop-4" [_thread_in_native, id=132, stack(0x00000000177f0000,0x00000000178f0000)]
  0x0000000010d4d800 JavaThread "netty-event-loop-3" [_thread_in_native, id=6208, stack(0x0000000016fb0000,0x00000000170b0000)]
  0x0000000010d51800 JavaThread "netty-event-loop-2" [_thread_in_native, id=13400, stack(0x000000001b4c0000,0x000000001b5c0000)]
  0x0000000010d50800 JavaThread "play-dev-mode-akka.actor.default-dispatcher-4" [_thread_blocked, id=13528, stack(0x000000001adc0000,0x000000001aec0000)]
  0x0000000010d4f000 JavaThread "play-dev-mode-scheduler-1" [_thread_blocked, id=14620, stack(0x000000001a8c0000,0x000000001a9c0000)]
  0x0000000013c38000 JavaThread "sbt-play-watch-service" daemon [_thread_blocked, id=14608, stack(0x000000001a3c0000,0x000000001a4c0000)]
  0x0000000013c3b000 JavaThread "Thread-1" daemon [_thread_in_native, id=14612, stack(0x0000000016cb0000,0x0000000016db0000)]
  0x0000000013c3c800 JavaThread "pool-4-thread-9" [_thread_in_vm, id=14428, stack(0x0000000019fc0000,0x000000001a0c0000)]
  0x0000000013c37000 JavaThread "sbt-web-akka.actor.default-dispatcher-4" [_thread_blocked, id=13928, stack(0x00000000174b0000,0x00000000175b0000)]
  0x0000000013c36800 JavaThread "sbt-web-scheduler-1" [_thread_blocked, id=13680, stack(0x0000000011980000,0x0000000011a80000)]
  0x000000000eef8800 JavaThread "Service Thread" daemon [_thread_blocked, id=4176, stack(0x000000000f2d0000,0x000000000f3d0000)]
  0x000000000d4fa000 JavaThread "C1 CompilerThread2" daemon [_thread_blocked, id=8424, stack(0x000000000edd0000,0x000000000eed0000)]
  0x000000000d4f6800 JavaThread "C2 CompilerThread1" daemon [_thread_in_native, id=3556, stack(0x000000000ecd0000,0x000000000edd0000)]
=>0x000000000d4f1800 JavaThread "C2 CompilerThread0" daemon [_thread_in_native, id=10000, stack(0x000000000ebd0000,0x000000000ecd0000)]
  0x000000000d4ed000 JavaThread "Attach Listener" daemon [_thread_blocked, id=4556, stack(0x000000000ead0000,0x000000000ebd0000)]
  0x000000000d4ec000 JavaThread "Signal Dispatcher" daemon [_thread_blocked, id=12120, stack(0x000000000e9d0000,0x000000000ead0000)]
  0x000000000d4da800 JavaThread "Finalizer" daemon [_thread_blocked, id=4364, stack(0x000000000e750000,0x000000000e850000)]
  0x0000000001fd2000 JavaThread "Reference Handler" daemon [_thread_blocked, id=1164, stack(0x000000000e650000,0x000000000e750000)]
  0x0000000001cae000 JavaThread "main" [_thread_blocked, id=8468, stack(0x0000000001de0000,0x0000000001ee0000)]

Other Threads:
  0x000000000d4b8000 VMThread [stack: 0x000000000e550000,0x000000000e650000] [id=9236]
  0x000000000eefb800 WatcherThread [stack: 0x000000000f3d0000,0x000000000f4d0000] [id=10228]

VM state:not at safepoint (normal execution)

VM Mutex/Monitor currently owned by a thread: None

Heap:
 PSYoungGen      total 319488K, used 192537K [0x00000000eab00000, 0x0000000100000000, 0x0000000100000000)
  eden space 290304K, 56% used [0x00000000eab00000,0x00000000f4a89018,0x00000000fc680000)
  from space 29184K, 99% used [0x00000000fc680000,0x00000000fe2fd658,0x00000000fe300000)
  to   space 29696K, 0% used [0x00000000fe300000,0x00000000fe300000,0x0000000100000000)
 ParOldGen       total 699392K, used 99998K [0x00000000c0000000, 0x00000000eab00000, 0x00000000eab00000)
  object space 699392K, 14% used [0x00000000c0000000,0x00000000c61a7888,0x00000000eab00000)
 Metaspace       used 138704K, capacity 139589K, committed 143616K, reserved 1169408K
  class space    used 23290K, capacity 23511K, committed 24320K, reserved 1048576K

Card table byte_map: [0x000000000a1e0000,0x000000000a3f0000] byte_map_base: 0x0000000009be0000

Marking Bits: (ParMarkBitMap*) 0x000000005f39c720
 Begin Bits: [0x000000000a950000, 0x000000000b950000)
 End Bits:   [0x000000000b950000, 0x000000000c950000)

Polling page: 0x0000000001c30000

CodeCache: size=131072Kb used=89219Kb max_used=91894Kb free=41852Kb
 bounds [0x0000000001fe0000, 0x0000000007ac0000, 0x0000000009fe0000]
 total_blobs=23607 nmethods=23016 adapters=493
 compilation: enabled

Compilation events (10 events):
Event: 3849.573 Thread 0x000000000d4fa000 32463       3       xsbt.ExtractAPI$$anonfun$xsbt$ExtractAPI$$types$1::apply (9 bytes)
Event: 3849.575 Thread 0x000000000d4f6800 nmethod 32459 0x0000000006df2050 code [0x0000000006df2180, 0x0000000006df2238]
Event: 3849.575 Thread 0x000000000d4f6800 32453       4       xsbt.api.NameHashing$Location::productElement (40 bytes)
Event: 3849.576 Thread 0x000000000d4fa000 nmethod 32463 0x00000000066b4fd0 code [0x00000000066b51c0, 0x00000000066b5ba8]
Event: 3849.576 Thread 0x000000000d4f6800 nmethod 32453 0x00000000058e9410 code [0x00000000058e9540, 0x00000000058e95b8]
Event: 3849.576 Thread 0x000000000d4f6800 32454       4       xsbt.api.HashAPI$$anonfun$hashDefinitionsWithExtraHashes$1::apply (16 bytes)
Event: 3849.581 Thread 0x000000000d4f6800 nmethod 32454 0x00000000062c8d10 code [0x00000000062c8e60, 0x00000000062c9008]
Event: 3849.581 Thread 0x000000000d4f6800 32452       4       scala.collection.mutable.ArrayBuffer::seq (5 bytes)
Event: 3849.582 Thread 0x000000000d4f6800 nmethod 32452 0x0000000007907110 code [0x0000000007907240, 0x0000000007907298]
Event: 3849.593 Thread 0x000000000d4f6800 32464       4       scala.util.hashing.MurmurHash3$::seqHash (37 bytes)

GC Heap History (10 events):
Event: 3842.328 GC heap before
{Heap before GC invocations=160 (full 7):
 PSYoungGen      total 317440K, used 48143K [0x00000000eab00000, 0x0000000100000000, 0x0000000100000000)
  eden space 294912K, 8% used [0x00000000eab00000,0x00000000ec4479a0,0x00000000fcb00000)
  from space 22528K, 98% used [0x00000000fea00000,0x00000000fffbc360,0x0000000100000000)
  to   space 27136K, 0% used [0x00000000fcb00000,0x00000000fcb00000,0x00000000fe580000)
 ParOldGen       total 699392K, used 193747K [0x00000000c0000000, 0x00000000eab00000, 0x00000000eab00000)
  object space 699392K, 27% used [0x00000000c0000000,0x00000000cbd34d90,0x00000000eab00000)
 Metaspace       used 142366K, capacity 143393K, committed 143616K, reserved 1169408K
  class space    used 24023K, capacity 24261K, committed 24320K, reserved 1048576K
Event: 3842.362 GC heap after
Heap after GC invocations=160 (full 7):
 PSYoungGen      total 315904K, used 20912K [0x00000000eab00000, 0x0000000100000000, 0x0000000100000000)
  eden space 294912K, 0% used [0x00000000eab00000,0x00000000eab00000,0x00000000fcb00000)
  from space 20992K, 99% used [0x00000000fcb00000,0x00000000fdf6c098,0x00000000fdf80000)
  to   space 29696K, 0% used [0x00000000fe300000,0x00000000fe300000,0x0000000100000000)
 ParOldGen       total 699392K, used 193747K [0x00000000c0000000, 0x00000000eab00000, 0x00000000eab00000)
  object space 699392K, 27% used [0x00000000c0000000,0x00000000cbd34d90,0x00000000eab00000)
 Metaspace       used 142366K, capacity 143393K, committed 143616K, reserved 1169408K
  class space    used 24023K, capacity 24261K, committed 24320K, reserved 1048576K
}
Event: 3842.362 GC heap before
{Heap before GC invocations=161 (full 8):
 PSYoungGen      total 315904K, used 20912K [0x00000000eab00000, 0x0000000100000000, 0x0000000100000000)
  eden space 294912K, 0% used [0x00000000eab00000,0x00000000eab00000,0x00000000fcb00000)
  from space 20992K, 99% used [0x00000000fcb00000,0x00000000fdf6c098,0x00000000fdf80000)
  to   space 29696K, 0% used [0x00000000fe300000,0x00000000fe300000,0x0000000100000000)
 ParOldGen       total 699392K, used 193747K [0x00000000c0000000, 0x00000000eab00000, 0x00000000eab00000)
  object space 699392K, 27% used [0x00000000c0000000,0x00000000cbd34d90,0x00000000eab00000)
 Metaspace       used 142366K, capacity 143393K, committed 143616K, reserved 1169408K
  class space    used 24023K, capacity 24261K, committed 24320K, reserved 1048576K
Event: 3842.921 GC heap after
Heap after GC invocations=161 (full 8):
 PSYoungGen      total 315904K, used 0K [0x00000000eab00000, 0x0000000100000000, 0x0000000100000000)
  eden space 294912K, 0% used [0x00000000eab00000,0x00000000eab00000,0x00000000fcb00000)
  from space 20992K, 0% used [0x00000000fcb00000,0x00000000fcb00000,0x00000000fdf80000)
  to   space 29696K, 0% used [0x00000000fe300000,0x00000000fe300000,0x0000000100000000)
 ParOldGen       total 699392K, used 79586K [0x00000000c0000000, 0x00000000eab00000, 0x00000000eab00000)
  object space 699392K, 11% used [0x00000000c0000000,0x00000000c4db8b40,0x00000000eab00000)
 Metaspace       used 135080K, capacity 135853K, committed 143616K, reserved 1169408K
  class space    used 22619K, capacity 22825K, committed 24320K, reserved 1048576K
}
Event: 3842.930 GC heap before
{Heap before GC invocations=162 (full 8):
 PSYoungGen      total 315904K, used 5720K [0x00000000eab00000, 0x0000000100000000, 0x0000000100000000)
  eden space 294912K, 1% used [0x00000000eab00000,0x00000000eb096158,0x00000000fcb00000)
  from space 20992K, 0% used [0x00000000fcb00000,0x00000000fcb00000,0x00000000fdf80000)
  to   space 29696K, 0% used [0x00000000fe300000,0x00000000fe300000,0x0000000100000000)
 ParOldGen       total 699392K, used 79586K [0x00000000c0000000, 0x00000000eab00000, 0x00000000eab00000)
  object space 699392K, 11% used [0x00000000c0000000,0x00000000c4db8b40,0x00000000eab00000)
 Metaspace       used 135080K, capacity 135853K, committed 143616K, reserved 1169408K
  class space    used 22619K, capacity 22825K, committed 24320K, reserved 1048576K
Event: 3842.935 GC heap after
Heap after GC invocations=162 (full 8):
 PSYoungGen      total 320000K, used 64K [0x00000000eab00000, 0x0000000100000000, 0x0000000100000000)
  eden space 290304K, 0% used [0x00000000eab00000,0x00000000eab00000,0x00000000fc680000)
  from space 29696K, 0% used [0x00000000fe300000,0x00000000fe310000,0x0000000100000000)
  to   space 29184K, 0% used [0x00000000fc680000,0x00000000fc680000,0x00000000fe300000)
 ParOldGen       total 699392K, used 79586K [0x00000000c0000000, 0x00000000eab00000, 0x00000000eab00000)
  object space 699392K, 11% used [0x00000000c0000000,0x00000000c4db8b40,0x00000000eab00000)
 Metaspace       used 135080K, capacity 135853K, committed 143616K, reserved 1169408K
  class space    used 22619K, capacity 22825K, committed 24320K, reserved 1048576K
}
Event: 3842.935 GC heap before
{Heap before GC invocations=163 (full 9):
 PSYoungGen      total 320000K, used 64K [0x00000000eab00000, 0x0000000100000000, 0x0000000100000000)
  eden space 290304K, 0% used [0x00000000eab00000,0x00000000eab00000,0x00000000fc680000)
  from space 29696K, 0% used [0x00000000fe300000,0x00000000fe310000,0x0000000100000000)
  to   space 29184K, 0% used [0x00000000fc680000,0x00000000fc680000,0x00000000fe300000)
 ParOldGen       total 699392K, used 79586K [0x00000000c0000000, 0x00000000eab00000, 0x00000000eab00000)
  object space 699392K, 11% used [0x00000000c0000000,0x00000000c4db8b40,0x00000000eab00000)
 Metaspace       used 135080K, capacity 135853K, committed 143616K, reserved 1169408K
  class space    used 22619K, capacity 22825K, committed 24320K, reserved 1048576K
Event: 3843.485 GC heap after
Heap after GC invocations=163 (full 9):
 PSYoungGen      total 320000K, used 0K [0x00000000eab00000, 0x0000000100000000, 0x0000000100000000)
  eden space 290304K, 0% used [0x00000000eab00000,0x00000000eab00000,0x00000000fc680000)
  from space 29696K, 0% used [0x00000000fe300000,0x00000000fe300000,0x0000000100000000)
  to   space 29184K, 0% used [0x00000000fc680000,0x00000000fc680000,0x00000000fe300000)
 ParOldGen       total 699392K, used 74770K [0x00000000c0000000, 0x00000000eab00000, 0x00000000eab00000)
  object space 699392K, 10% used [0x00000000c0000000,0x00000000c49049f8,0x00000000eab00000)
 Metaspace       used 135080K, capacity 135853K, committed 143616K, reserved 1169408K
  class space    used 22619K, capacity 22825K, committed 24320K, reserved 1048576K
}
Event: 3847.026 GC heap before
{Heap before GC invocations=164 (full 9):
 PSYoungGen      total 320000K, used 290304K [0x00000000eab00000, 0x0000000100000000, 0x0000000100000000)
  eden space 290304K, 100% used [0x00000000eab00000,0x00000000fc680000,0x00000000fc680000)
  from space 29696K, 0% used [0x00000000fe300000,0x00000000fe300000,0x0000000100000000)
  to   space 29184K, 0% used [0x00000000fc680000,0x00000000fc680000,0x00000000fe300000)
 ParOldGen       total 699392K, used 74770K [0x00000000c0000000, 0x00000000eab00000, 0x00000000eab00000)
  object space 699392K, 10% used [0x00000000c0000000,0x00000000c49049f8,0x00000000eab00000)
 Metaspace       used 138378K, capacity 139237K, committed 143616K, reserved 1169408K
  class space    used 23250K, capacity 23479K, committed 24320K, reserved 1048576K
Event: 3847.140 GC heap after
Heap after GC invocations=164 (full 9):
 PSYoungGen      total 319488K, used 29173K [0x00000000eab00000, 0x0000000100000000, 0x0000000100000000)
  eden space 290304K, 0% used [0x00000000eab00000,0x00000000eab00000,0x00000000fc680000)
  from space 29184K, 99% used [0x00000000fc680000,0x00000000fe2fd658,0x00000000fe300000)
  to   space 29696K, 0% used [0x00000000fe300000,0x00000000fe300000,0x0000000100000000)
 ParOldGen       total 699392K, used 99998K [0x00000000c0000000, 0x00000000eab00000, 0x00000000eab00000)
  object space 699392K, 14% used [0x00000000c0000000,0x00000000c61a7888,0x00000000eab00000)
 Metaspace       used 138378K, capacity 139237K, committed 143616K, reserved 1169408K
  class space    used 23250K, capacity 23479K, committed 24320K, reserved 1048576K
}

Deoptimization events (10 events):
Event: 3847.856 Thread 0x0000000010efa000 Uncommon trap: reason=class_check action=maybe_recompile pc=0x0000000005b35c60 method=scala.reflect.internal.Names$TermName.toTypeName()Lscala/reflect/internal/Names$TypeName; @ 4
Event: 3847.856 Thread 0x0000000010efa000 Uncommon trap: reason=class_check action=maybe_recompile pc=0x0000000005b35c60 method=scala.reflect.internal.Names$TermName.toTypeName()Lscala/reflect/internal/Names$TypeName; @ 4
Event: 3847.857 Thread 0x0000000010efa000 Uncommon trap: reason=class_check action=maybe_recompile pc=0x00000000060ae014 method=scala.reflect.internal.Names$TermName.toTypeName()Lscala/reflect/internal/Names$TypeName; @ 4
Event: 3848.851 Thread 0x0000000010efa000 Uncommon trap: reason=class_check action=maybe_recompile pc=0x00000000065f8df0 method=scala.collection.generic.Subtractable$class.$minus$minus(Lscala/collection/generic/Subtractable;Lscala/collection/GenTraversableOnce;)Lscala/collection/generic/Subtracta
Event: 3849.420 Thread 0x0000000010efa000 Uncommon trap: reason=class_check action=maybe_recompile pc=0x00000000074dd914 method=scala.reflect.internal.Names$Name.pos(CI)I @ 14
Event: 3849.420 Thread 0x0000000010efa000 Uncommon trap: reason=class_check action=maybe_recompile pc=0x00000000074dd914 method=scala.reflect.internal.Names$Name.pos(CI)I @ 14
Event: 3849.420 Thread 0x0000000010efa000 Uncommon trap: reason=class_check action=maybe_recompile pc=0x00000000074dd914 method=scala.reflect.internal.Names$Name.pos(CI)I @ 14
Event: 3849.420 Thread 0x0000000010efa000 Uncommon trap: reason=class_check action=maybe_recompile pc=0x00000000074dd914 method=scala.reflect.internal.Names$Name.pos(CI)I @ 14
Event: 3849.457 Thread 0x0000000010efa000 Uncommon trap: reason=class_check action=maybe_recompile pc=0x00000000054146b0 method=scala.reflect.internal.Names$Name.pos(CI)I @ 14
Event: 3849.551 Thread 0x0000000010efa000 Uncommon trap: reason=class_check action=maybe_recompile pc=0x0000000004db81ec method=scala.collection.mutable.ArrayBuilder$ofRef.$plus$plus$eq(Lscala/collection/TraversableOnce;)Lscala/collection/mutable/ArrayBuilder$ofRef; @ 1

Internal exceptions (10 events):
Event: 3487.055 Thread 0x0000000010ef3000 Exception <a 'java/io/IOException': CreateProcess error=2, The system cannot find the file specified> (0x00000000f51189a8) thrown at [C:\re\workspace\8-2-build-windows-amd64-cygwin\jdk8u131\8869\hotspot\src\share\vm\prims\jni.cpp, line 735]
Event: 3488.220 Thread 0x0000000010d4d800 Implicit null exception at 0x0000000002d703fd to 0x0000000002d70680
Event: 3488.221 Thread 0x0000000010d4d800 Implicit null exception at 0x0000000004beab02 to 0x0000000004beb09b
Event: 3825.915 Thread 0x0000000010efa000 Exception <a 'java/lang/ClassNotFoundException': com/sun/tools/javac/api/JavacTool> (0x00000000f201e588) thrown at [C:\re\workspace\8-2-build-windows-amd64-cygwin\jdk8u131\8869\hotspot\src\share\vm\classfile\systemDictionary.cpp, line 210]
Event: 3825.916 Thread 0x0000000010efa000 Exception <a 'java/lang/NullPointerException'> (0x00000000f201ea68) thrown at [C:\re\workspace\8-2-build-windows-amd64-cygwin\jdk8u131\8869\hotspot\src\share\vm\interpreter\linkResolver.cpp, line 1197]
Event: 3825.977 Thread 0x0000000010ef8800 Exception <a 'java/io/FileNotFoundException'> (0x00000000ef3402e0) thrown at [C:\re\workspace\8-2-build-windows-amd64-cygwin\jdk8u131\8869\hotspot\src\share\vm\prims\jni.cpp, line 709]
Event: 3842.310 Thread 0x0000000010efa000 Exception <a 'java/io/IOException': CreateProcess error=2, The system cannot find the file specified> (0x00000000ebc2eb70) thrown at [C:\re\workspace\8-2-build-windows-amd64-cygwin\jdk8u131\8869\hotspot\src\share\vm\prims\jni.cpp, line 735]
Event: 3843.789 Thread 0x0000000010ef8800 Exception <a 'java/lang/ClassNotFoundException': com/sun/tools/javac/api/JavacTool> (0x00000000ee8e98d0) thrown at [C:\re\workspace\8-2-build-windows-amd64-cygwin\jdk8u131\8869\hotspot\src\share\vm\classfile\systemDictionary.cpp, line 210]
Event: 3843.789 Thread 0x0000000010ef8800 Exception <a 'java/lang/NullPointerException'> (0x00000000ee8e9db0) thrown at [C:\re\workspace\8-2-build-windows-amd64-cygwin\jdk8u131\8869\hotspot\src\share\vm\interpreter\linkResolver.cpp, line 1197]
Event: 3843.835 Thread 0x0000000010efd800 Exception <a 'java/io/FileNotFoundException'> (0x00000000ee9d7600) thrown at [C:\re\workspace\8-2-build-windows-amd64-cygwin\jdk8u131\8869\hotspot\src\share\vm\prims\jni.cpp, line 709]

Events (10 events):
Event: 3849.457 Thread 0x0000000010efa000 DEOPT UNPACKING pc=0x000000000202582a sp=0x000000001b6bb750 mode 2
Event: 3849.551 Thread 0x0000000010efa000 Uncommon trap: trap_request=0xffffffde fr.pc=0x0000000004db81ec
Event: 3849.551 Thread 0x0000000010efa000 DEOPT PACKING pc=0x0000000004db81ec sp=0x000000001b6bbe10
Event: 3849.551 Thread 0x0000000010efa000 DEOPT UNPACKING pc=0x000000000202582a sp=0x000000001b6bbd98 mode 2
Event: 3849.555 loading class xsbt/ExtractAPI$$anonfun$removeConstructors$1
Event: 3849.555 loading class xsbt/ExtractAPI$$anonfun$removeConstructors$1 done
Event: 3849.560 loading class xsbt/ExtractAPI$$anonfun$mkVar$1$1
Event: 3849.560 loading class xsbt/ExtractAPI$$anonfun$mkVar$1$1 done
Event: 3849.575 loading class xsbt/ExtractAPI$$anonfun$4
Event: 3849.575 loading class xsbt/ExtractAPI$$anonfun$4 done


Dynamic libraries:
0x00007ff6b4780000 - 0x00007ff6b47b7000 	C:\ProgramData\Oracle\Java\javapath\java.exe
0x00007ffbe7530000 - 0x00007ffbe76dc000 	C:\Windows\SYSTEM32\ntdll.dll
0x00007ffbe4c20000 - 0x00007ffbe4d5e000 	C:\Windows\system32\KERNEL32.DLL
0x00007ffbe49e0000 - 0x00007ffbe4af5000 	C:\Windows\system32\KERNELBASE.dll
0x00007ffbe3140000 - 0x00007ffbe31ce000 	C:\Windows\system32\apphelp.dll
0x00007ffbe1560000 - 0x00007ffbe15b3000 	C:\Windows\AppPatch\AppPatch64\AcGenral.DLL
0x00007ffbe5450000 - 0x00007ffbe54fa000 	C:\Windows\system32\msvcrt.dll
0x00007ffbe4520000 - 0x00007ffbe454e000 	C:\Windows\SYSTEM32\SspiCli.dll
0x00007ffbe5680000 - 0x00007ffbe56d4000 	C:\Windows\system32\SHLWAPI.dll
0x00007ffbe5500000 - 0x00007ffbe5677000 	C:\Windows\system32\USER32.dll
0x00007ffbe6c50000 - 0x00007ffbe6de4000 	C:\Windows\system32\ole32.dll
0x00007ffbe56e0000 - 0x00007ffbe6bf9000 	C:\Windows\system32\SHELL32.dll
0x00007ffbe3c60000 - 0x00007ffbe3c81000 	C:\Windows\SYSTEM32\USERENV.dll
0x00007ffbe5330000 - 0x00007ffbe53da000 	C:\Windows\system32\ADVAPI32.dll
0x00007ffbdb610000 - 0x00007ffbdb62e000 	C:\Windows\SYSTEM32\MPR.dll
0x00007ffbe6df0000 - 0x00007ffbe6f31000 	C:\Windows\system32\RPCRT4.dll
0x00007ffbe53f0000 - 0x00007ffbe5449000 	C:\Windows\SYSTEM32\sechost.dll
0x00007ffbe7310000 - 0x00007ffbe7521000 	C:\Windows\SYSTEM32\combase.dll
0x00007ffbe51d0000 - 0x00007ffbe5321000 	C:\Windows\system32\GDI32.dll
0x00007ffbe4680000 - 0x00007ffbe4695000 	C:\Windows\SYSTEM32\profapi.dll
0x00007ffbe31d0000 - 0x00007ffbe3282000 	C:\Windows\SYSTEM32\SHCORE.dll
0x00007ffbe6c00000 - 0x00007ffbe6c36000 	C:\Windows\system32\IMM32.DLL
0x00007ffbe5070000 - 0x00007ffbe51c3000 	C:\Windows\system32\MSCTF.dll
0x00007ffbe23e0000 - 0x00007ffbe265b000 	C:\Windows\WinSxS\amd64_microsoft.windows.common-controls_6595b64144ccf1df_6.0.9600.17415_none_6240486fecbd8abb\COMCTL32.dll
0x000000005f420000 - 0x000000005f4f2000 	C:\Program Files\Java\jre1.8.0_131\bin\msvcr100.dll
0x000000005eb80000 - 0x000000005f41c000 	C:\Program Files\Java\jre1.8.0_131\bin\server\jvm.dll
0x00007ffbd03d0000 - 0x00007ffbd03d9000 	C:\Windows\SYSTEM32\WSOCK32.dll
0x00007ffbe2300000 - 0x00007ffbe2322000 	C:\Windows\SYSTEM32\WINMM.dll
0x00007ffbe2330000 - 0x00007ffbe233a000 	C:\Windows\SYSTEM32\VERSION.dll
0x00007ffbe5060000 - 0x00007ffbe5067000 	C:\Windows\system32\PSAPI.DLL
0x00007ffbe71e0000 - 0x00007ffbe723a000 	C:\Windows\system32\WS2_32.dll
0x00007ffbe2110000 - 0x00007ffbe213a000 	C:\Windows\SYSTEM32\WINMMBASE.dll
0x00007ffbe6c40000 - 0x00007ffbe6c49000 	C:\Windows\system32\NSI.dll
0x00007ffbe4b00000 - 0x00007ffbe4b4f000 	C:\Windows\SYSTEM32\cfgmgr32.dll
0x00007ffbe3480000 - 0x00007ffbe34a8000 	C:\Windows\SYSTEM32\DEVOBJ.dll
0x000000005eb70000 - 0x000000005eb7f000 	C:\Program Files\Java\jre1.8.0_131\bin\verify.dll
0x000000005eb40000 - 0x000000005eb69000 	C:\Program Files\Java\jre1.8.0_131\bin\java.dll
0x000000005eb20000 - 0x000000005eb36000 	C:\Program Files\Java\jre1.8.0_131\bin\zip.dll
0x000000005eb00000 - 0x000000005eb1a000 	C:\Program Files\Java\jre1.8.0_131\bin\net.dll
0x00007ffbe3f20000 - 0x00007ffbe3f79000 	C:\Windows\system32\mswsock.dll
0x000000005eae0000 - 0x000000005eaf1000 	C:\Program Files\Java\jre1.8.0_131\bin\nio.dll
0x00007ffbe3f80000 - 0x00007ffbe3fa0000 	C:\Windows\SYSTEM32\CRYPTSP.dll
0x00007ffbe3b50000 - 0x00007ffbe3b86000 	C:\Windows\system32\rsaenh.dll
0x00007ffbe4210000 - 0x00007ffbe4236000 	C:\Windows\SYSTEM32\bcrypt.dll
0x00007ffbe4550000 - 0x00007ffbe45b3000 	C:\Windows\system32\bcryptprimitives.dll
0x00007ffbe45c0000 - 0x00007ffbe45cb000 	C:\Windows\SYSTEM32\CRYPTBASE.dll
0x00007ffbe0800000 - 0x00007ffbe082a000 	C:\Windows\SYSTEM32\IPHLPAPI.DLL
0x00007ffbe0580000 - 0x00007ffbe058a000 	C:\Windows\SYSTEM32\WINNSI.DLL
0x00007ffbe0400000 - 0x00007ffbe0416000 	C:\Windows\SYSTEM32\dhcpcsvc6.DLL
0x00007ffbe03e0000 - 0x00007ffbe03fa000 	C:\Windows\SYSTEM32\dhcpcsvc.DLL
0x00007ffbe28d0000 - 0x00007ffbe28da000 	C:\Users\Sivakorn\AppData\Local\Temp\jansi-64-1-7435505892352609367.11
0x00007ffbd8590000 - 0x00007ffbd85a5000 	C:\Windows\system32\napinsp.dll
0x00007ffbd85b0000 - 0x00007ffbd85ca000 	C:\Windows\system32\pnrpnsp.dll
0x00007ffbe14b0000 - 0x00007ffbe14cb000 	C:\Windows\system32\NLAapi.dll
0x00007ffbe3d20000 - 0x00007ffbe3dc4000 	C:\Windows\SYSTEM32\DNSAPI.dll
0x00007ffbd85d0000 - 0x00007ffbd85dd000 	C:\Windows\System32\winrnr.dll
0x00007ffbd8830000 - 0x00007ffbd8844000 	C:\Windows\system32\wshbth.dll
0x00007ffbda6f0000 - 0x00007ffbda6fa000 	C:\Windows\System32\rasadhlp.dll
0x00007ffbe0120000 - 0x00007ffbe018b000 	C:\Windows\System32\fwpuclnt.dll
0x000000005eab0000 - 0x000000005ead4000 	C:\Program Files\Java\jre1.8.0_131\bin\sunec.dll
0x000000005eaa0000 - 0x000000005eaab000 	C:\Program Files\Java\jre1.8.0_131\bin\sunmscapi.dll
0x00007ffbe4750000 - 0x00007ffbe492f000 	C:\Windows\system32\CRYPT32.dll
0x00007ffbe4730000 - 0x00007ffbe4741000 	C:\Windows\system32\MSASN1.dll

VM Arguments:
jvm_args: -Dactivator.home=D:/activator-dist-1.3.12 -Xms1024m -Xmx1024m -XX:ReservedCodeCacheSize=128m -XX:MaxMetaspaceSize=256m 
java_command: D:/activator-dist-1.3.12/libexec/activator-launch-1.3.12.jar run
java_class_path (initial): D:/activator-dist-1.3.12/libexec/activator-launch-1.3.12.jar
Launcher Type: SUN_STANDARD

Environment Variables:
PATH=C:\Users\Sivakorn\bin;C:\Program Files\Git\mingw64\bin;C:\Program Files\Git\usr\local\bin;C:\Program Files\Git\usr\bin;C:\Program Files\Git\usr\bin;C:\Program Files\Git\mingw64\bin;C:\Program Files\Git\usr\bin;C:\Users\Sivakorn\bin;C:\ProgramData\Oracle\Java\javapath;C:\Program Files\Broadcom\Broadcom 802.11 Network Adapter;C:\Program Files (x86)\NVIDIA Corporation\PhysX\Common;C:\Program Files (x86)\Intel\TXE Components\TCS;C:\Program Files\Intel\TXE Components\TCS;C:\Windows\system32;C:\Windows;C:\Windows\System32\Wbem;C:\Windows\System32\WindowsPowerShell\v1.0;C:\Program Files\WIDCOMM\Bluetooth Software;C:\Program Files\WIDCOMM\Bluetooth Software\syswow64;C:\Program Files\Git\cmd;D:\activator-dist-1.3.12\bin;C:\Users\Sivakorn\AppData\Local\atom\bin;C:\Program Files\Git\usr\bin\vendor_perl;C:\Program Files\Git\usr\bin\core_perl
USERNAME=Sivakorn
SHELL=C:\Program Files\Git\usr\bin\bash.exe
DISPLAY=needs-to-be-defined
OS=Windows_NT
PROCESSOR_IDENTIFIER=Intel64 Family 6 Model 55 Stepping 8, GenuineIntel



---------------  S Y S T E M  ---------------

OS: Windows 8.1 , 64 bit Build 9600 (6.3.9600.17415)

CPU:total 4 (initial active 4) (4 cores per cpu, 1 threads per core) family 6 model 55 stepping 8, cmov, cx8, fxsr, mmx, sse, sse2, sse3, ssse3, sse4.1, sse4.2, popcnt, clmul, erms, 3dnowpref, tsc, tscinvbit

Memory: 4k page, physical 4078068k(1872080k free), swap 7092724k(3606960k free)

vm_info: Java HotSpot(TM) 64-Bit Server VM (25.131-b11) for windows-amd64 JRE (1.8.0_131-b11), built on Mar 15 2017 01:23:53 by "java_re" with MS VC++ 10.0 (VS2010)

time: Sun May 07 14:50:10 2017
elapsed time: 3849 seconds (0d 1h 4m 9s)

